<?xml version="1.0" encoding="UTF-8"?>
<testng-results skipped="0" failed="0" ignored="0" total="1" passed="1">
  <reporter-output>
  </reporter-output>
  <suite name="Default suite" duration-ms="16290" started-at="2018-03-27T12:14:56Z" finished-at="2018-03-27T12:15:12Z">
    <groups>
    </groups>
    <test name="Default test" duration-ms="16290" started-at="2018-03-27T12:14:56Z" finished-at="2018-03-27T12:15:12Z">
      <class name="SeleniumMaven.eGov.Test.TestPage">
        <test-method status="PASS" signature="test()[pri:0, instance:SeleniumMaven.eGov.Test.TestPage@74ad1f1f]" name="test" duration-ms="16257" started-at="2018-03-27T12:14:56Z" finished-at="2018-03-27T12:15:12Z">
          <reporter-output>
          </reporter-output>
        </test-method> <!-- test -->
      </class> <!-- SeleniumMaven.eGov.Test.TestPage -->
    </test> <!-- Default test -->
  </suite> <!-- Default suite -->
</testng-results>
